<?xml version="1.0" encoding="UTF-8"?>
<testng-results ignored="0" total="1" passed="1" failed="0" skipped="0">
  <reporter-output>
  </reporter-output>
  <suite started-at="2024-09-28T14:00:08 IST" name="Default suite" finished-at="2024-09-28T14:00:08 IST" duration-ms="66">
    <groups>
    </groups>
    <test started-at="2024-09-28T14:00:08 IST" name="Default test" finished-at="2024-09-28T14:00:08 IST" duration-ms="66">
      <class name="OOPs.PS1">
        <test-method is-config="true" signature="beforeRun()[pri:0, instance:OOPs.PS1@1139b2f3]" started-at="2024-09-28T14:00:08 IST" name="beforeRun" finished-at="2024-09-28T14:00:08 IST" duration-ms="13" status="PASS">
          <reporter-output>
          </reporter-output>
        </test-method> <!-- beforeRun -->
        <test-method is-config="true" signature="testRun()[pri:0, instance:OOPs.PS1@1139b2f3]" started-at="2024-09-28T14:00:08 IST" name="testRun" finished-at="2024-09-28T14:00:08 IST" depends-on-methods="OOPs.PS.beforeRun" duration-ms="2" status="PASS">
          <reporter-output>
          </reporter-output>
        </test-method> <!-- testRun -->
        <test-method signature="doThis()[pri:0, instance:OOPs.PS1@1139b2f3]" started-at="2024-09-28T14:00:08 IST" name="doThis" finished-at="2024-09-28T14:00:08 IST" duration-ms="9" status="PASS">
          <reporter-output>
          </reporter-output>
        </test-method> <!-- doThis -->
        <test-method is-config="true" signature="afterRun()[pri:0, instance:OOPs.PS1@1139b2f3]" started-at="2024-09-28T14:00:08 IST" name="afterRun" finished-at="2024-09-28T14:00:08 IST" duration-ms="2" status="PASS">
          <reporter-output>
          </reporter-output>
        </test-method> <!-- afterRun -->
      </class> <!-- OOPs.PS1 -->
    </test> <!-- Default test -->
  </suite> <!-- Default suite -->
</testng-results>
